[debug] [2025-01-06T19:55:02.600Z] ----------------------------------------------------------------------
[debug] [2025-01-06T19:55:02.603Z] Command:       C:\Program Files\nodejs\node.exe C:\Users\teter\AppData\Roaming\npm\node_modules\firebase-tools\lib\bin\firebase.js init
[debug] [2025-01-06T19:55:02.603Z] CLI Version:   13.29.1
[debug] [2025-01-06T19:55:02.603Z] Platform:      win32
[debug] [2025-01-06T19:55:02.603Z] Node Version:  v22.11.0
[debug] [2025-01-06T19:55:02.604Z] Time:          Mon Jan 06 2025 16:55:02 GMT-0300 (Horário Padrão de Brasília)
[debug] [2025-01-06T19:55:02.604Z] ----------------------------------------------------------------------
[debug] 
[debug] [2025-01-06T19:55:02.611Z] > command requires scopes: ["email","openid","https://www.googleapis.com/auth/cloudplatformprojects.readonly","https://www.googleapis.com/auth/firebase","https://www.googleapis.com/auth/cloud-platform"]
[debug] [2025-01-06T19:55:02.612Z] > authorizing via signed-in user (proengejem@gmail.com)
[info] 
     ######## #### ########  ######## ########     ###     ######  ########
     ##        ##  ##     ## ##       ##     ##  ##   ##  ##       ##
     ######    ##  ########  ######   ########  #########  ######  ######
     ##        ##  ##    ##  ##       ##     ## ##     ##       ## ##
     ##       #### ##     ## ######## ########  ##     ##  ######  ########

You're about to initialize a Firebase project in this directory:

  C:\Users\teter\Google Drive\cc mack\proeng\oi\PROENG

[info] 
=== Project Setup
[info] 
[info] First, let's associate this project directory with a Firebase project.
[info] You can create multiple project aliases by running firebase use --add, 
[info] but for now we'll just set up a default project.
[info] 
[debug] [2025-01-06T20:05:13.991Z] Checked if tokens are valid: true, expires at: 1736196880184
[debug] [2025-01-06T20:05:13.994Z] Checked if tokens are valid: true, expires at: 1736196880184
[debug] [2025-01-06T20:05:13.999Z] >>> [apiv2][query] GET https://firebase.googleapis.com/v1beta1/projects pageSize=100
[debug] [2025-01-06T20:05:14.949Z] <<< [apiv2][status] GET https://firebase.googleapis.com/v1beta1/projects 200
[debug] [2025-01-06T20:05:14.949Z] <<< [apiv2][body] GET https://firebase.googleapis.com/v1beta1/projects [omitted]
[info] i  Using project proeng-1c603 (proeng) 
[info] 
=== Dataconnect Setup
[debug] [2025-01-06T20:05:23.798Z] Checked if tokens are valid: true, expires at: 1736196880184
[debug] [2025-01-06T20:05:23.798Z] Checked if tokens are valid: true, expires at: 1736196880184
[debug] [2025-01-06T20:05:23.798Z] >>> [apiv2][query] GET https://cloudbilling.googleapis.com/v1/projects/proeng-1c603/billingInfo [none]
[debug] [2025-01-06T20:05:24.952Z] <<< [apiv2][status] GET https://cloudbilling.googleapis.com/v1/projects/proeng-1c603/billingInfo 200
[debug] [2025-01-06T20:05:24.952Z] <<< [apiv2][body] GET https://cloudbilling.googleapis.com/v1/projects/proeng-1c603/billingInfo {"name":"projects/proeng-1c603/billingInfo","projectId":"proeng-1c603","billingAccountName":"","billingEnabled":false}
[info] i  dataconnect: ensuring required API sqladmin.googleapis.com is enabled... 
[debug] [2025-01-06T20:05:24.955Z] Checked if tokens are valid: true, expires at: 1736196880184
[debug] [2025-01-06T20:05:24.955Z] Checked if tokens are valid: true, expires at: 1736196880184
[debug] [2025-01-06T20:05:24.955Z] >>> [apiv2][query] GET https://serviceusage.googleapis.com/v1/projects/proeng-1c603/services/sqladmin.googleapis.com [none]
[debug] [2025-01-06T20:05:24.955Z] >>> [apiv2][(partial)header] GET https://serviceusage.googleapis.com/v1/projects/proeng-1c603/services/sqladmin.googleapis.com x-goog-quota-user=projects/proeng-1c603
[debug] [2025-01-06T20:05:26.064Z] <<< [apiv2][status] GET https://serviceusage.googleapis.com/v1/projects/proeng-1c603/services/sqladmin.googleapis.com 200
[debug] [2025-01-06T20:05:26.065Z] <<< [apiv2][body] GET https://serviceusage.googleapis.com/v1/projects/proeng-1c603/services/sqladmin.googleapis.com [omitted]
[warn] !  dataconnect: missing required API sqladmin.googleapis.com. Enabling now... 
[debug] [2025-01-06T20:05:26.069Z] Checked if tokens are valid: true, expires at: 1736196880184
[debug] [2025-01-06T20:05:26.069Z] Checked if tokens are valid: true, expires at: 1736196880184
[debug] [2025-01-06T20:05:26.070Z] >>> [apiv2][query] POST https://serviceusage.googleapis.com/v1/projects/proeng-1c603/services/sqladmin.googleapis.com:enable [none]
[debug] [2025-01-06T20:05:26.070Z] >>> [apiv2][(partial)header] POST https://serviceusage.googleapis.com/v1/projects/proeng-1c603/services/sqladmin.googleapis.com:enable x-goog-quota-user=projects/proeng-1c603
[debug] [2025-01-06T20:05:27.309Z] <<< [apiv2][status] POST https://serviceusage.googleapis.com/v1/projects/proeng-1c603/services/sqladmin.googleapis.com:enable 200
[debug] [2025-01-06T20:05:27.309Z] <<< [apiv2][body] POST https://serviceusage.googleapis.com/v1/projects/proeng-1c603/services/sqladmin.googleapis.com:enable [omitted]
[debug] [2025-01-06T20:05:37.322Z] Checked if tokens are valid: true, expires at: 1736196880184
[debug] [2025-01-06T20:05:37.322Z] Checked if tokens are valid: true, expires at: 1736196880184
[debug] [2025-01-06T20:05:37.324Z] >>> [apiv2][query] GET https://serviceusage.googleapis.com/v1/projects/proeng-1c603/services/sqladmin.googleapis.com [none]
[debug] [2025-01-06T20:05:37.325Z] >>> [apiv2][(partial)header] GET https://serviceusage.googleapis.com/v1/projects/proeng-1c603/services/sqladmin.googleapis.com x-goog-quota-user=projects/proeng-1c603
[debug] [2025-01-06T20:05:38.429Z] <<< [apiv2][status] GET https://serviceusage.googleapis.com/v1/projects/proeng-1c603/services/sqladmin.googleapis.com 200
[debug] [2025-01-06T20:05:38.429Z] <<< [apiv2][body] GET https://serviceusage.googleapis.com/v1/projects/proeng-1c603/services/sqladmin.googleapis.com [omitted]
[info] +  dataconnect: required API sqladmin.googleapis.com is enabled 
[info] +  Wrote dataconnect\dataconnect.yaml 
[info] +  Wrote dataconnect\schema\schema.gql 
[info] +  Wrote dataconnect\connector\connector.yaml 
[info] +  Wrote dataconnect\connector\queries.gql 
[info] +  Wrote dataconnect\connector\mutations.gql 
[info] +  Detected WEB app in directory C:\Users\teter\Google Drive\cc mack\proeng\oi\PROENG 
